/export/spool/slurm/slurmd.spool/job48547452/slurm_script: line 10: /data/class/cs175/achatty/doodle-jump-rl/venv/bin/activate: No such file or directory
/export/spool/slurm/slurmd.spool/job48547452/slurm_script: line 11: cd: /data/class/cs175/achatty/doodle-jump-rl: No such file or directory
/data/class/cs175/achatty/.conda/envs/rl/lib/python3.11/site-packages/pygame/pkgdata.py:25: UserWarning: pkg_resources is deprecated as an API. See https://setuptools.pypa.io/en/latest/pkg_resources.html. The pkg_resources package is slated for removal as early as 2025-11-30. Refrain from using this package or pin to Setuptools<81.
  from pkg_resources import resource_stream, resource_exists
2026-02-19 02:37:23.774215: I tensorflow/core/platform/cpu_feature_guard.cc:210] This TensorFlow binary is optimized to use available CPU instructions in performance-critical operations.
To enable the following instructions: AVX2 AVX512F FMA, in other operations, rebuild TensorFlow with the appropriate compiler flags.
/data/class/cs175/achatty/cs175/doodle-jump-rl/model/deepQTrainer.py:48: UserWarning: Creating a tensor from a list of numpy.ndarrays is extremely slow. Please consider converting the list to a single numpy.ndarray with numpy.array() before converting to a tensor. (Triggered internally at /pytorch/torch/csrc/utils/tensor_new.cpp:253.)
  state = torch.tensor(state, dtype=torch.float32, device=self.device)
pygame 2.6.1 (SDL 2.28.4, Python 3.11.14)
Hello from the pygame community. https://www.pygame.org/contribute.html
Now training...
terminated: Agent Died
Game 1 Score 0 Record 0
terminated: Agent Died
Game 2 Score 800 Record 800
terminated: Agent Died
Game 3 Score 0 Record 800
terminated: Agent Died
Game 4 Score 3000 Record 3000
terminated: Agent Died
Game 5 Score 800 Record 3000
terminated: Agent Died
Game 6 Score 1200 Record 3000
terminated: Agent Died
Game 7 Score 7100 Record 7100
terminated: Agent Died
Game 8 Score 0 Record 7100
terminated: Agent Died
Game 9 Score 1600 Record 7100
terminated: Agent Died
Game 10 Score 0 Record 7100
terminated: Agent Died
Game 11 Score 900 Record 7100
terminated: Agent Died
Game 12 Score 9000 Record 9000
terminated: Agent Died
Game 13 Score 5100 Record 9000
terminated: Agent Died
Game 14 Score 4600 Record 9000
terminated: Agent Died
Game 15 Score 4800 Record 9000
terminated: Agent Died
Game 16 Score 900 Record 9000
terminated: Agent Died
Game 17 Score 0 Record 9000
terminated: Agent Died
Game 18 Score 3100 Record 9000
terminated: Agent Died
Game 19 Score 600 Record 9000
terminated: Agent Died
Game 20 Score 3200 Record 9000
terminated: Agent Died
Game 21 Score 0 Record 9000
terminated: Agent Died
Game 22 Score 600 Record 9000
terminated: Agent Died
Game 23 Score 0 Record 9000
terminated: Agent Died
Game 24 Score 1700 Record 9000
terminated: Agent Died
Game 25 Score 2100 Record 9000
terminated: Agent Died
Game 26 Score 1100 Record 9000
terminated: Agent Died
Game 27 Score 0 Record 9000
terminated: Agent Died
Game 28 Score 500 Record 9000
terminated: Agent Died
Game 29 Score 0 Record 9000
terminated: Agent Died
Game 30 Score 1500 Record 9000
terminated: Agent Died
Game 31 Score 0 Record 9000
terminated: Agent Died
Game 32 Score 800 Record 9000
terminated: Agent Died
Game 33 Score 2300 Record 9000
terminated: Agent Died
Game 34 Score 2800 Record 9000
terminated: Agent Died
Game 35 Score 1500 Record 9000
terminated: Agent Died
Game 36 Score 800 Record 9000
terminated: Agent Died
Game 37 Score 10900 Record 10900
terminated: Agent Died
Game 38 Score 700 Record 10900
terminated: Agent Died
Game 39 Score 3500 Record 10900
terminated: Agent Died
Game 40 Score 0 Record 10900
terminated: Agent Died
Game 41 Score 2700 Record 10900
terminated: Agent Died
Game 42 Score 2900 Record 10900
terminated: Agent Died
Game 43 Score 0 Record 10900
terminated: Agent Died
Game 44 Score 1000 Record 10900
terminated: Agent Died
Game 45 Score 0 Record 10900
terminated: Agent Died
Game 46 Score 1300 Record 10900
terminated: Agent Died
Game 47 Score 7100 Record 10900
terminated: Agent Died
Game 48 Score 1500 Record 10900
terminated: Agent Died
Game 49 Score 1000 Record 10900
terminated: Agent Died
Game 50 Score 1200 Record 10900
terminated: Agent Died
Game 51 Score 600 Record 10900
terminated: Agent Died
Game 52 Score 0 Record 10900
terminated: Agent Died
Game 53 Score 500 Record 10900
terminated: Agent Died
Game 54 Score 600 Record 10900
terminated: Agent Died
Game 55 Score 1400 Record 10900
terminated: Agent Died
Game 56 Score 3400 Record 10900
terminated: Agent Died
Game 57 Score 600 Record 10900
terminated: Agent Died
Game 58 Score 2000 Record 10900
terminated: Agent Died
Game 59 Score 2100 Record 10900
terminated: Agent Died
Game 60 Score 1700 Record 10900
terminated: Agent Died
Game 61 Score 1500 Record 10900
terminated: Agent Died
Game 62 Score 0 Record 10900
terminated: Agent Died
Game 63 Score 2700 Record 10900
terminated: Agent Died
Game 64 Score 0 Record 10900
terminated: Agent Died
Game 65 Score 1300 Record 10900
terminated: Agent Died
Game 66 Score 1800 Record 10900
terminated: Agent Died
Game 67 Score 0 Record 10900
terminated: Agent Died
Game 68 Score 500 Record 10900
terminated: Agent Died
Game 69 Score 1600 Record 10900
terminated: Agent Died
Game 70 Score 900 Record 10900
terminated: Agent Died
Game 71 Score 6300 Record 10900
terminated: Agent Died
Game 72 Score 8300 Record 10900
terminated: Agent Died
Game 73 Score 2300 Record 10900
terminated: Agent Died
Game 74 Score 700 Record 10900
terminated: Agent Died
Game 75 Score 0 Record 10900
terminated: Agent Died
Game 76 Score 7900 Record 10900
terminated: Agent Died
Game 77 Score 700 Record 10900
terminated: Agent Died
Game 78 Score 1500 Record 10900
terminated: Agent Died
Game 79 Score 2000 Record 10900
terminated: Agent Died
Game 80 Score 0 Record 10900
terminated: Agent Died
Game 81 Score 600 Record 10900
terminated: Agent Died
Game 82 Score 0 Record 10900
terminated: Agent Died
Game 83 Score 0 Record 10900
terminated: Agent Died
Game 84 Score 1600 Record 10900
terminated: Agent Died
Game 85 Score 0 Record 10900
terminated: Agent Died
Game 86 Score 0 Record 10900
terminated: Agent Died
Game 87 Score 0 Record 10900
terminated: Agent stuck
Game 88 Score 0 Record 10900
terminated: Agent Died
Game 89 Score 0 Record 10900
terminated: Agent Died
Game 90 Score 2000 Record 10900
terminated: Agent Died
Game 91 Score 0 Record 10900
terminated: Agent Died
Game 92 Score 5500 Record 10900
terminated: Agent Died
Game 93 Score 0 Record 10900
terminated: Agent Died
Game 94 Score 10200 Record 10900
terminated: Agent Died
Game 95 Score 1100 Record 10900
terminated: Agent Died
Game 96 Score 6300 Record 10900
terminated: Agent Died
Game 97 Score 0 Record 10900
terminated: Agent Died
Game 98 Score 2100 Record 10900
terminated: Agent Died
Game 99 Score 3700 Record 10900
terminated: Agent Died
Game 100 Score 6100 Record 10900
terminated: Agent Died
Game 101 Score 1700 Record 10900
terminated: Agent Died
Game 102 Score 700 Record 10900
terminated: Agent Died
Game 103 Score 13800 Record 13800
terminated: Agent Died
Game 104 Score 3100 Record 13800
terminated: Agent Died
Game 105 Score 1000 Record 13800
terminated: Agent Died
Game 106 Score 1100 Record 13800
terminated: Agent Died
Game 107 Score 0 Record 13800
terminated: Agent Died
Game 108 Score 0 Record 13800
terminated: Agent Died
Game 109 Score 1500 Record 13800
terminated: Agent Died
Game 110 Score 1800 Record 13800
terminated: Agent Died
Game 111 Score 3300 Record 13800
terminated: Agent Died
Game 112 Score 6300 Record 13800
terminated: Agent Died
Game 113 Score 0 Record 13800
terminated: Agent Died
Game 114 Score 4900 Record 13800
terminated: Agent Died
Game 115 Score 0 Record 13800
terminated: Agent Died
Game 116 Score 600 Record 13800
terminated: Agent Died
Game 117 Score 2400 Record 13800
terminated: Agent Died
Game 118 Score 8700 Record 13800
terminated: Agent Died
Game 119 Score 6700 Record 13800
terminated: Agent Died
Game 120 Score 900 Record 13800
terminated: Agent Died
Game 121 Score 1400 Record 13800
terminated: Agent Died
Game 122 Score 0 Record 13800
terminated: Agent Died
Game 123 Score 4100 Record 13800
terminated: Agent Died
Game 124 Score 1300 Record 13800
terminated: Agent Died
Game 125 Score 800 Record 13800
terminated: Agent Died
Game 126 Score 600 Record 13800
terminated: Agent Died
Game 127 Score 5800 Record 13800
terminated: Agent Died
Game 128 Score 0 Record 13800
terminated: Agent Died
Game 129 Score 0 Record 13800
terminated: Agent Died
Game 130 Score 6100 Record 13800
terminated: Agent Died
Game 131 Score 2200 Record 13800
terminated: Agent Died
Game 132 Score 700 Record 13800
terminated: Agent Died
Game 133 Score 3200 Record 13800
terminated: Agent Died
Game 134 Score 0 Record 13800
terminated: Agent Died
Game 135 Score 4000 Record 13800
terminated: Agent Died
Game 136 Score 500 Record 13800
terminated: Agent Died
Game 137 Score 0 Record 13800
terminated: Agent Died
Game 138 Score 0 Record 13800
terminated: Agent Died
Game 139 Score 1000 Record 13800
terminated: Agent Died
Game 140 Score 1000 Record 13800
terminated: Agent Died
Game 141 Score 500 Record 13800
terminated: Agent Died
Game 142 Score 2100 Record 13800
terminated: Agent Died
Game 143 Score 3300 Record 13800
terminated: Agent Died
Game 144 Score 2300 Record 13800
terminated: Agent Died
Game 145 Score 3500 Record 13800
terminated: Agent Died
Game 146 Score 0 Record 13800
terminated: Agent Died
Game 147 Score 0 Record 13800
terminated: Agent Died
Game 148 Score 10000 Record 13800
terminated: Agent Died
Game 149 Score 0 Record 13800
terminated: Agent Died
Game 150 Score 600 Record 13800
terminated: Agent Died
Game 151 Score 7900 Record 13800
terminated: Agent Died
Game 152 Score 500 Record 13800
terminated: Agent Died
Game 153 Score 0 Record 13800
terminated: Agent Died
Game 154 Score 1000 Record 13800
terminated: Agent Died
Game 155 Score 8100 Record 13800
terminated: Agent Died
Game 156 Score 1200 Record 13800
terminated: Agent Died
Game 157 Score 2600 Record 13800
terminated: Agent Died
Game 158 Score 900 Record 13800
terminated: Agent Died
Game 159 Score 4500 Record 13800
terminated: Agent Died
Game 160 Score 700 Record 13800
terminated: Agent Died
Game 161 Score 1000 Record 13800
terminated: Agent Died
Game 162 Score 2400 Record 13800
terminated: Agent Died
Game 163 Score 2700 Record 13800
terminated: Agent Died
Game 164 Score 0 Record 13800
terminated: Agent Died
Game 165 Score 800 Record 13800
terminated: Agent Died
Game 166 Score 2900 Record 13800
terminated: Agent Died
Game 167 Score 1200 Record 13800
terminated: Agent Died
Game 168 Score 4400 Record 13800
terminated: Agent Died
Game 169 Score 6200 Record 13800
terminated: Agent Died
Game 170 Score 0 Record 13800
terminated: Agent Died
Game 171 Score 0 Record 13800
terminated: Agent Died
Game 172 Score 7700 Record 13800
terminated: Agent Died
Game 173 Score 700 Record 13800
terminated: Agent Died
Game 174 Score 8900 Record 13800
terminated: Agent Died
Game 175 Score 8400 Record 13800
terminated: Agent Died
Game 176 Score 700 Record 13800
terminated: Agent Died
Game 177 Score 6200 Record 13800
terminated: Agent Died
Game 178 Score 800 Record 13800
terminated: Agent Died
Game 179 Score 1000 Record 13800
terminated: Agent Died
Game 180 Score 0 Record 13800
terminated: Agent Died
Game 181 Score 2400 Record 13800
terminated: Agent Died
Game 182 Score 1300 Record 13800
terminated: Agent Died
Game 183 Score 0 Record 13800
terminated: Agent Died
Game 184 Score 7000 Record 13800
terminated: Agent Died
Game 185 Score 0 Record 13800
terminated: Agent Died
Game 186 Score 800 Record 13800
terminated: Agent Died
Game 187 Score 4200 Record 13800
terminated: Agent Died
Game 188 Score 3500 Record 13800
terminated: Agent Died
Game 189 Score 600 Record 13800
terminated: Agent Died
Game 190 Score 0 Record 13800
terminated: Agent Died
Game 191 Score 4300 Record 13800
terminated: Agent Died
Game 192 Score 11300 Record 13800
terminated: Agent Died
Game 193 Score 1900 Record 13800
terminated: Agent Died
Game 194 Score 0 Record 13800
terminated: Agent Died
Game 195 Score 0 Record 13800
terminated: Agent Died
Game 196 Score 0 Record 13800
terminated: Agent Died
Game 197 Score 600 Record 13800
terminated: Agent Died
Game 198 Score 0 Record 13800
terminated: Agent Died
Game 199 Score 2800 Record 13800
terminated: Agent Died
Game 200 Score 3900 Record 13800
terminated: Agent Died
Game 201 Score 3200 Record 13800
terminated: Agent Died
Game 202 Score 5400 Record 13800
terminated: Agent Died
Game 203 Score 0 Record 13800
terminated: Agent Died
Game 204 Score 0 Record 13800
terminated: Agent Died
Game 205 Score 0 Record 13800
terminated: Agent Died
Game 206 Score 1200 Record 13800
terminated: Agent Died
Game 207 Score 13900 Record 13900
terminated: Agent Died
Game 208 Score 900 Record 13900
terminated: Agent Died
Game 209 Score 2100 Record 13900
terminated: Agent Died
Game 210 Score 1900 Record 13900
terminated: Agent Died
Game 211 Score 1900 Record 13900
terminated: Agent Died
Game 212 Score 7100 Record 13900
terminated: Agent Died
Game 213 Score 1700 Record 13900
terminated: Agent Died
Game 214 Score 1000 Record 13900
terminated: Agent Died
Game 215 Score 600 Record 13900
terminated: Agent Died
Game 216 Score 4300 Record 13900
terminated: Agent Died
Game 217 Score 10700 Record 13900
terminated: Agent Died
Game 218 Score 0 Record 13900
terminated: Agent Died
Game 219 Score 7300 Record 13900
terminated: Agent Died
Game 220 Score 4100 Record 13900
terminated: Agent Died
Game 221 Score 2400 Record 13900
terminated: Agent Died
Game 222 Score 4900 Record 13900
terminated: Agent Died
Game 223 Score 3900 Record 13900
terminated: Agent Died
Game 224 Score 6100 Record 13900
terminated: Agent Died
Game 225 Score 0 Record 13900
terminated: Agent Died
Game 226 Score 1800 Record 13900
terminated: Agent Died
Game 227 Score 0 Record 13900
terminated: Agent Died
Game 228 Score 0 Record 13900
terminated: Agent Died
Game 229 Score 700 Record 13900
terminated: Agent Died
Game 230 Score 9400 Record 13900
terminated: Agent Died
Game 231 Score 1300 Record 13900
terminated: Agent Died
Game 232 Score 0 Record 13900
terminated: Agent Died
Game 233 Score 3300 Record 13900
terminated: Agent Died
Game 234 Score 700 Record 13900
terminated: Agent Died
Game 235 Score 0 Record 13900
terminated: Agent Died
Game 236 Score 600 Record 13900
terminated: Agent Died
Game 237 Score 700 Record 13900
terminated: Agent Died
Game 238 Score 7800 Record 13900
terminated: Agent Died
Game 239 Score 3400 Record 13900
terminated: Agent Died
Game 240 Score 5300 Record 13900
terminated: Agent Died
Game 241 Score 1600 Record 13900
terminated: Agent Died
Game 242 Score 6000 Record 13900
terminated: Agent Died
Game 243 Score 1300 Record 13900
terminated: Agent Died
Game 244 Score 800 Record 13900
terminated: Agent Died
Game 245 Score 8500 Record 13900
terminated: Agent Died
Game 246 Score 2100 Record 13900
terminated: Agent Died
Game 247 Score 4800 Record 13900
terminated: Agent Died
Game 248 Score 2600 Record 13900
terminated: Agent Died
Game 249 Score 1100 Record 13900
terminated: Agent Died
Game 250 Score 600 Record 13900
terminated: Agent Died
Game 251 Score 1200 Record 13900
terminated: Agent Died
Game 252 Score 0 Record 13900
terminated: Agent Died
Game 253 Score 9100 Record 13900
terminated: Agent Died
Game 254 Score 4700 Record 13900
terminated: Agent Died
Game 255 Score 4100 Record 13900
terminated: Agent Died
Game 256 Score 2300 Record 13900
terminated: Agent Died
Game 257 Score 600 Record 13900
terminated: Agent Died
Game 258 Score 2600 Record 13900
terminated: Agent Died
Game 259 Score 1000 Record 13900
terminated: Agent Died
Game 260 Score 2100 Record 13900
terminated: Agent Died
Game 261 Score 4100 Record 13900
terminated: Agent Died
Game 262 Score 500 Record 13900
terminated: Agent Died
Game 263 Score 1200 Record 13900
terminated: Agent Died
Game 264 Score 4100 Record 13900
terminated: Agent Died
Game 265 Score 1600 Record 13900
terminated: Agent Died
Game 266 Score 800 Record 13900
terminated: Agent Died
Game 267 Score 0 Record 13900
terminated: Agent Died
Game 268 Score 600 Record 13900
terminated: Agent Died
Game 269 Score 6200 Record 13900
terminated: Agent Died
Game 270 Score 5000 Record 13900
terminated: Agent Died
Game 271 Score 2000 Record 13900
terminated: Agent Died
Game 272 Score 0 Record 13900
terminated: Agent Died
Game 273 Score 0 Record 13900
terminated: Agent Died
Game 274 Score 3000 Record 13900
terminated: Agent Died
Game 275 Score 700 Record 13900
terminated: Agent Died
Game 276 Score 2100 Record 13900
terminated: Agent Died
Game 277 Score 0 Record 13900
terminated: Agent Died
Game 278 Score 7500 Record 13900
terminated: Agent Died
Game 279 Score 3600 Record 13900
terminated: Agent Died
Game 280 Score 10100 Record 13900
terminated: Agent Died
Game 281 Score 2800 Record 13900
terminated: Agent Died
Game 282 Score 0 Record 13900
terminated: Agent Died
Game 283 Score 1800 Record 13900
terminated: Agent Died
Game 284 Score 4200 Record 13900
terminated: Agent Died
Game 285 Score 600 Record 13900
terminated: Agent Died
Game 286 Score 0 Record 13900
terminated: Agent Died
Game 287 Score 1000 Record 13900
terminated: Agent Died
Game 288 Score 0 Record 13900
terminated: Agent Died
Game 289 Score 2800 Record 13900
terminated: Agent Died
Game 290 Score 4700 Record 13900
terminated: Agent Died
Game 291 Score 800 Record 13900
terminated: Agent Died
Game 292 Score 2100 Record 13900
terminated: Agent Died
Game 293 Score 700 Record 13900
terminated: Agent Died
Game 294 Score 1800 Record 13900
terminated: Agent Died
Game 295 Score 3500 Record 13900
terminated: Agent Died
Game 296 Score 0 Record 13900
terminated: Agent Died
Game 297 Score 0 Record 13900
terminated: Agent Died
Game 298 Score 600 Record 13900
terminated: Agent Died
Game 299 Score 6500 Record 13900
terminated: Agent Died
Game 300 Score 11400 Record 13900
terminated: Agent Died
Game 301 Score 1400 Record 13900
terminated: Agent Died
Game 302 Score 1800 Record 13900
terminated: Agent Died
Game 303 Score 1200 Record 13900
terminated: Agent Died
Game 304 Score 0 Record 13900
terminated: Agent Died
Game 305 Score 0 Record 13900
terminated: Agent Died
Game 306 Score 2300 Record 13900
terminated: Agent Died
Game 307 Score 0 Record 13900
terminated: Agent Died
Game 308 Score 6700 Record 13900
terminated: Agent Died
Game 309 Score 0 Record 13900
terminated: Agent Died
Game 310 Score 0 Record 13900
terminated: Agent stuck
Game 311 Score 0 Record 13900
terminated: Agent Died
Game 312 Score 1900 Record 13900
terminated: Agent Died
Game 313 Score 2000 Record 13900
terminated: Agent Died
Game 314 Score 2800 Record 13900
terminated: Agent Died
Game 315 Score 600 Record 13900
terminated: Agent Died
Game 316 Score 600 Record 13900
terminated: Agent Died
Game 317 Score 0 Record 13900
terminated: Agent Died
Game 318 Score 3200 Record 13900
terminated: Agent Died
Game 319 Score 0 Record 13900
terminated: Agent Died
Game 320 Score 600 Record 13900
terminated: Agent Died
Game 321 Score 0 Record 13900
terminated: Agent Died
Game 322 Score 900 Record 13900
terminated: Agent Died
Game 323 Score 1800 Record 13900
terminated: Agent Died
Game 324 Score 6200 Record 13900
terminated: Agent Died
Game 325 Score 0 Record 13900
terminated: Agent Died
Game 326 Score 3000 Record 13900
terminated: Agent Died
Game 327 Score 1700 Record 13900
terminated: Agent Died
Game 328 Score 900 Record 13900
terminated: Agent Died
Game 329 Score 0 Record 13900
terminated: Agent Died
Game 330 Score 0 Record 13900
terminated: Agent Died
Game 331 Score 1100 Record 13900
terminated: Agent Died
Game 332 Score 3500 Record 13900
terminated: Agent Died
Game 333 Score 1600 Record 13900
terminated: Agent Died
Game 334 Score 4100 Record 13900
terminated: Agent Died
Game 335 Score 0 Record 13900
terminated: Agent Died
Game 336 Score 7400 Record 13900
terminated: Agent Died
Game 337 Score 8400 Record 13900
terminated: Agent Died
Game 338 Score 10400 Record 13900
terminated: Agent Died
Game 339 Score 8200 Record 13900
terminated: Agent Died
Game 340 Score 0 Record 13900
terminated: Agent Died
Game 341 Score 2200 Record 13900
terminated: Agent Died
Game 342 Score 0 Record 13900
terminated: Agent Died
Game 343 Score 4800 Record 13900
terminated: Agent Died
Game 344 Score 4400 Record 13900
terminated: Agent Died
Game 345 Score 0 Record 13900
terminated: Agent Died
Game 346 Score 3000 Record 13900
terminated: Agent Died
Game 347 Score 7400 Record 13900
terminated: Agent Died
Game 348 Score 0 Record 13900
terminated: Agent Died
Game 349 Score 3300 Record 13900
terminated: Agent Died
Game 350 Score 1900 Record 13900
terminated: Agent Died
Game 351 Score 4400 Record 13900
terminated: Agent Died
Game 352 Score 7900 Record 13900
terminated: Agent Died
Game 353 Score 2300 Record 13900
terminated: Agent Died
Game 354 Score 2100 Record 13900
terminated: Agent Died
Game 355 Score 5100 Record 13900
terminated: Agent Died
Game 356 Score 2800 Record 13900
terminated: Agent Died
Game 357 Score 2600 Record 13900
terminated: Agent Died
Game 358 Score 0 Record 13900
terminated: Agent Died
Game 359 Score 0 Record 13900
terminated: Agent Died
Game 360 Score 8300 Record 13900
terminated: Agent Died
Game 361 Score 2600 Record 13900
terminated: Agent Died
Game 362 Score 0 Record 13900
terminated: Agent Died
Game 363 Score 3400 Record 13900
terminated: Agent Died
Game 364 Score 4500 Record 13900
terminated: Agent Died
Game 365 Score 0 Record 13900
terminated: Agent Died
Game 366 Score 9200 Record 13900
terminated: Agent Died
Game 367 Score 12800 Record 13900
terminated: Agent Died
Game 368 Score 6200 Record 13900
terminated: Agent Died
Game 369 Score 0 Record 13900
terminated: Agent Died
Game 370 Score 7300 Record 13900
terminated: Agent Died
Game 371 Score 0 Record 13900
terminated: Agent Died
Game 372 Score 5400 Record 13900
terminated: Agent Died
Game 373 Score 0 Record 13900
terminated: Agent Died
Game 374 Score 500 Record 13900
terminated: Agent Died
Game 375 Score 16800 Record 16800
terminated: Agent Died
Game 376 Score 0 Record 16800
terminated: Agent Died
Game 377 Score 3400 Record 16800
terminated: Agent Died
Game 378 Score 1300 Record 16800
terminated: Agent Died
Game 379 Score 500 Record 16800
terminated: Agent Died
Game 380 Score 0 Record 16800
terminated: Agent Died
Game 381 Score 3000 Record 16800
terminated: Agent Died
Game 382 Score 1000 Record 16800
terminated: Agent Died
Game 383 Score 6000 Record 16800
terminated: Agent Died
Game 384 Score 0 Record 16800
terminated: Agent Died
Game 385 Score 4600 Record 16800
terminated: Agent Died
Game 386 Score 0 Record 16800
terminated: Agent Died
Game 387 Score 6900 Record 16800
terminated: Agent Died
Game 388 Score 1500 Record 16800
terminated: Agent Died
Game 389 Score 7600 Record 16800
terminated: Agent Died
Game 390 Score 900 Record 16800
terminated: Agent Died
Game 391 Score 5500 Record 16800
terminated: Agent Died
Game 392 Score 0 Record 16800
terminated: Agent Died
Game 393 Score 600 Record 16800
terminated: Agent Died
Game 394 Score 2500 Record 16800
terminated: Agent Died
Game 395 Score 0 Record 16800
terminated: Agent Died
Game 396 Score 0 Record 16800
terminated: Agent Died
Game 397 Score 1900 Record 16800
terminated: Agent Died
Game 398 Score 0 Record 16800
terminated: Agent Died
Game 399 Score 0 Record 16800
terminated: Agent Died
Game 400 Score 6800 Record 16800
terminated: Agent Died
Game 401 Score 4400 Record 16800
terminated: Agent Died
Game 402 Score 9600 Record 16800
terminated: Agent Died
Game 403 Score 0 Record 16800
terminated: Agent Died
Game 404 Score 3200 Record 16800
terminated: Agent Died
Game 405 Score 0 Record 16800
terminated: Agent Died
Game 406 Score 900 Record 16800
terminated: Agent Died
Game 407 Score 500 Record 16800
terminated: Agent Died
Game 408 Score 1200 Record 16800
terminated: Agent Died
Game 409 Score 0 Record 16800
terminated: Agent Died
Game 410 Score 6900 Record 16800
terminated: Agent Died
Game 411 Score 7300 Record 16800
terminated: Agent Died
Game 412 Score 2000 Record 16800
terminated: Agent Died
Game 413 Score 1400 Record 16800
terminated: Agent Died
Game 414 Score 4700 Record 16800
terminated: Agent Died
Game 415 Score 6000 Record 16800
terminated: Agent Died
Game 416 Score 800 Record 16800
terminated: Agent Died
Game 417 Score 8200 Record 16800
terminated: Agent Died
Game 418 Score 5100 Record 16800
terminated: Agent Died
Game 419 Score 2900 Record 16800
terminated: Agent Died
Game 420 Score 4800 Record 16800
terminated: Agent Died
Game 421 Score 4700 Record 16800
terminated: Agent Died
Game 422 Score 0 Record 16800
terminated: Agent Died
Game 423 Score 0 Record 16800
terminated: Agent Died
Game 424 Score 2400 Record 16800
terminated: Agent Died
Game 425 Score 0 Record 16800
terminated: Agent Died
Game 426 Score 7200 Record 16800
terminated: Agent Died
Game 427 Score 0 Record 16800
terminated: Agent Died
Game 428 Score 10700 Record 16800
terminated: Agent Died
Game 429 Score 0 Record 16800
terminated: Agent Died
Game 430 Score 500 Record 16800
terminated: Agent Died
Game 431 Score 1800 Record 16800
terminated: Agent Died
Game 432 Score 1000 Record 16800
terminated: Agent Died
Game 433 Score 1100 Record 16800
terminated: Agent Died
Game 434 Score 5500 Record 16800
terminated: Agent Died
Game 435 Score 2000 Record 16800
terminated: Agent Died
Game 436 Score 0 Record 16800
terminated: Agent Died
Game 437 Score 12000 Record 16800
terminated: Agent Died
Game 438 Score 1000 Record 16800
terminated: Agent Died
Game 439 Score 0 Record 16800
terminated: Agent Died
Game 440 Score 10300 Record 16800
terminated: Agent Died
Game 441 Score 4300 Record 16800
terminated: Agent Died
Game 442 Score 1400 Record 16800
terminated: Agent Died
Game 443 Score 1100 Record 16800
terminated: Agent Died
Game 444 Score 0 Record 16800
terminated: Agent Died
Game 445 Score 0 Record 16800
terminated: Agent Died
Game 446 Score 900 Record 16800
terminated: Agent Died
Game 447 Score 0 Record 16800
terminated: Agent stuck
Game 448 Score 500 Record 16800
terminated: Agent Died
Game 449 Score 0 Record 16800
terminated: Agent Died
Game 450 Score 0 Record 16800
terminated: Agent Died
Game 451 Score 0 Record 16800
terminated: Agent Died
Game 452 Score 4300 Record 16800
terminated: Agent Died
Game 453 Score 0 Record 16800
terminated: Agent Died
Game 454 Score 700 Record 16800
terminated: Agent Died
Game 455 Score 1000 Record 16800
terminated: Agent Died
Game 456 Score 1300 Record 16800
terminated: Agent Died
Game 457 Score 0 Record 16800
terminated: Agent Died
Game 458 Score 1800 Record 16800
terminated: Agent Died
Game 459 Score 0 Record 16800
terminated: Agent Died
Game 460 Score 0 Record 16800
terminated: Agent Died
Game 461 Score 0 Record 16800
terminated: Agent Died
Game 462 Score 0 Record 16800
terminated: Agent Died
Game 463 Score 1900 Record 16800
terminated: Agent Died
Game 464 Score 0 Record 16800
terminated: Agent Died
Game 465 Score 1500 Record 16800
terminated: Agent Died
Game 466 Score 600 Record 16800
terminated: Agent Died
Game 467 Score 5300 Record 16800
terminated: Agent Died
Game 468 Score 1400 Record 16800
terminated: Agent Died
Game 469 Score 2500 Record 16800
terminated: Agent Died
Game 470 Score 6300 Record 16800
terminated: Agent Died
Game 471 Score 1900 Record 16800
terminated: Agent Died
Game 472 Score 1300 Record 16800
terminated: Agent Died
Game 473 Score 0 Record 16800
terminated: Agent Died
Game 474 Score 700 Record 16800
terminated: Agent Died
Game 475 Score 0 Record 16800
terminated: Agent stuck
Game 476 Score 0 Record 16800
terminated: Agent Died
Game 477 Score 5700 Record 16800
terminated: Agent Died
Game 478 Score 0 Record 16800
terminated: Agent Died
Game 479 Score 900 Record 16800
terminated: Agent Died
Game 480 Score 5900 Record 16800
terminated: Agent Died
Game 481 Score 4200 Record 16800
terminated: Agent Died
Game 482 Score 2600 Record 16800
terminated: Agent Died
Game 483 Score 0 Record 16800
terminated: Agent Died
Game 484 Score 0 Record 16800
terminated: Agent Died
Game 485 Score 0 Record 16800
terminated: Agent Died
Game 486 Score 8800 Record 16800
terminated: Agent Died
Game 487 Score 2200 Record 16800
terminated: Agent Died
Game 488 Score 6500 Record 16800
terminated: Agent Died
Game 489 Score 5000 Record 16800
terminated: Agent Died
Game 490 Score 1100 Record 16800
terminated: Agent Died
Game 491 Score 0 Record 16800
terminated: Agent Died
Game 492 Score 7100 Record 16800
terminated: Agent Died
Game 493 Score 500 Record 16800
terminated: Agent Died
Game 494 Score 0 Record 16800
terminated: Agent Died
Game 495 Score 3400 Record 16800
terminated: Agent Died
Game 496 Score 7600 Record 16800
terminated: Agent Died
Game 497 Score 8200 Record 16800
terminated: Agent Died
Game 498 Score 1200 Record 16800
terminated: Agent Died
Game 499 Score 0 Record 16800
terminated: Agent stuck
Game 500 Score 4400 Record 16800
terminated: Agent Died
Game 501 Score 1300 Record 16800
terminated: Agent Died
Game 502 Score 0 Record 16800
terminated: Agent Died
Game 503 Score 2200 Record 16800
terminated: Agent Died
Game 504 Score 2700 Record 16800
terminated: Agent Died
Game 505 Score 3700 Record 16800
terminated: Agent Died
Game 506 Score 2300 Record 16800
terminated: Agent Died
Game 507 Score 4900 Record 16800
terminated: Agent Died
Game 508 Score 700 Record 16800
terminated: Agent Died
Game 509 Score 2300 Record 16800
terminated: Agent Died
Game 510 Score 700 Record 16800
terminated: Agent Died
Game 511 Score 600 Record 16800
terminated: Agent Died
Game 512 Score 700 Record 16800
terminated: Agent Died
Game 513 Score 3500 Record 16800
terminated: Agent Died
Game 514 Score 1100 Record 16800
terminated: Agent Died
Game 515 Score 1200 Record 16800
terminated: Agent Died
Game 516 Score 0 Record 16800
terminated: Agent Died
Game 517 Score 0 Record 16800
terminated: Agent Died
Game 518 Score 3700 Record 16800
terminated: Agent Died
Game 519 Score 1600 Record 16800
terminated: Agent Died
Game 520 Score 1100 Record 16800
terminated: Agent Died
Game 521 Score 10800 Record 16800
terminated: Agent Died
Game 522 Score 0 Record 16800
terminated: Agent Died
Game 523 Score 500 Record 16800
terminated: Agent Died
Game 524 Score 3400 Record 16800
terminated: Agent Died
Game 525 Score 2700 Record 16800
terminated: Agent Died
Game 526 Score 1500 Record 16800
terminated: Agent Died
Game 527 Score 3700 Record 16800
terminated: Agent Died
Game 528 Score 1000 Record 16800
terminated: Agent Died
Game 529 Score 2600 Record 16800
terminated: Agent Died
Game 530 Score 0 Record 16800
terminated: Agent Died
Game 531 Score 0 Record 16800
terminated: Agent Died
Game 532 Score 5900 Record 16800
terminated: Agent Died
Game 533 Score 1300 Record 16800
terminated: Agent Died
Game 534 Score 600 Record 16800
terminated: Agent Died
Game 535 Score 0 Record 16800
terminated: Agent Died
Game 536 Score 0 Record 16800
terminated: Agent Died
Game 537 Score 4600 Record 16800
terminated: Agent Died
Game 538 Score 4100 Record 16800
terminated: Agent Died
Game 539 Score 900 Record 16800
terminated: Agent Died
Game 540 Score 1000 Record 16800
terminated: Agent Died
Game 541 Score 500 Record 16800
terminated: Agent Died
Game 542 Score 700 Record 16800
terminated: Agent Died
Game 543 Score 1800 Record 16800
terminated: Agent Died
Game 544 Score 8900 Record 16800
terminated: Agent Died
Game 545 Score 2500 Record 16800
terminated: Agent stuck
Game 546 Score 0 Record 16800
terminated: Agent Died
Game 547 Score 0 Record 16800
terminated: Agent Died
Game 548 Score 1100 Record 16800
terminated: Agent Died
Game 549 Score 0 Record 16800
terminated: Agent Died
Game 550 Score 1600 Record 16800
terminated: Agent Died
Game 551 Score 2100 Record 16800
terminated: Agent Died
Game 552 Score 0 Record 16800
terminated: Agent stuck
Game 553 Score 700 Record 16800
terminated: Agent Died
Game 554 Score 700 Record 16800
terminated: Agent Died
Game 555 Score 1600 Record 16800
terminated: Agent Died
Game 556 Score 1800 Record 16800
terminated: Agent Died
Game 557 Score 1600 Record 16800
terminated: Agent Died
Game 558 Score 3800 Record 16800
terminated: Agent Died
Game 559 Score 2000 Record 16800
terminated: Agent Died
Game 560 Score 500 Record 16800
terminated: Agent Died
Game 561 Score 8600 Record 16800
terminated: Agent Died
Game 562 Score 0 Record 16800
terminated: Agent Died
Game 563 Score 3300 Record 16800
terminated: Agent Died
Game 564 Score 2000 Record 16800
terminated: Agent Died
Game 565 Score 900 Record 16800
terminated: Agent Died
Game 566 Score 9400 Record 16800
terminated: Agent Died
Game 567 Score 700 Record 16800
terminated: Agent Died
Game 568 Score 700 Record 16800
terminated: Agent Died
Game 569 Score 4300 Record 16800
terminated: Agent Died
Game 570 Score 0 Record 16800
terminated: Agent Died
Game 571 Score 0 Record 16800
terminated: Agent Died
Game 572 Score 0 Record 16800
terminated: Agent Died
Game 573 Score 12800 Record 16800
terminated: Agent Died
Game 574 Score 700 Record 16800
terminated: Agent Died
Game 575 Score 1900 Record 16800
terminated: Agent Died
Game 576 Score 2900 Record 16800
terminated: Agent Died
Game 577 Score 600 Record 16800
terminated: Agent Died
Game 578 Score 800 Record 16800
terminated: Agent Died
Game 579 Score 12000 Record 16800
terminated: Agent Died
Game 580 Score 0 Record 16800
terminated: Agent Died
Game 581 Score 0 Record 16800
terminated: Agent Died
Game 582 Score 0 Record 16800
terminated: Agent Died
Game 583 Score 0 Record 16800
terminated: Agent Died
Game 584 Score 0 Record 16800
terminated: Agent Died
Game 585 Score 700 Record 16800
terminated: Agent stuck
Game 586 Score 0 Record 16800
terminated: Agent Died
Game 587 Score 3900 Record 16800
terminated: Agent Died
Game 588 Score 800 Record 16800
terminated: Agent Died
Game 589 Score 3600 Record 16800
terminated: Agent Died
Game 590 Score 0 Record 16800
terminated: Agent Died
Game 591 Score 1400 Record 16800
terminated: Agent Died
Game 592 Score 3500 Record 16800
terminated: Agent Died
Game 593 Score 3000 Record 16800
terminated: Agent Died
Game 594 Score 800 Record 16800
terminated: Agent Died
Game 595 Score 4800 Record 16800
terminated: Agent Died
srun: Job step aborted: Waiting up to 32 seconds for job step to finish.
[2026-02-19T06:37:21.003] error: *** JOB 48547452 ON hpc3-gpu-16-05 CANCELLED AT 2026-02-19T06:37:21 DUE TO TIME LIMIT ***
[2026-02-19T06:37:21.003] error: *** STEP 48547452.0 ON hpc3-gpu-16-05 CANCELLED AT 2026-02-19T06:37:21 DUE TO TIME LIMIT ***
